2020-10-18 21:35:22,771 INFO [ch.fronis.data.security.LogRequestInterceptor] - Request: /v1/players | Method: GET | HTTP Status: 200 | IP: 0:0:0:0:0:0:0:1 | userName: N/A
2020-10-18 21:35:24,504 INFO [ch.fronis.data.security.LogRequestInterceptor] - Request: /v1/players/8 | Method: GET | HTTP Status: 200 | IP: 0:0:0:0:0:0:0:1 | userName: N/A
2020-10-18 21:35:41,920 INFO [ch.fronis.data.security.LogRequestInterceptor] - Request: /v1/players/8 | Method: PUT | HTTP Status: 200 | IP: 0:0:0:0:0:0:0:1 | userName: N/A
2020-10-18 21:35:42,141 INFO [ch.fronis.data.security.LogRequestInterceptor] - Request: /v1/players | Method: GET | HTTP Status: 200 | IP: 0:0:0:0:0:0:0:1 | userName: N/A
2020-10-18 21:35:50,196 INFO [ch.fronis.data.security.LogRequestInterceptor] - Request: /v1/players/8 | Method: GET | HTTP Status: 200 | IP: 0:0:0:0:0:0:0:1 | userName: N/A
2020-10-18 21:36:01,187 INFO [ch.fronis.data.security.LogRequestInterceptor] - Request: /v1/players/8 | Method: PUT | HTTP Status: 200 | IP: 0:0:0:0:0:0:0:1 | userName: N/A
2020-10-18 21:36:01,525 INFO [ch.fronis.data.security.LogRequestInterceptor] - Request: /v1/players | Method: GET | HTTP Status: 200 | IP: 0:0:0:0:0:0:0:1 | userName: N/A
2020-10-18 21:36:03,775 INFO [ch.fronis.data.security.LogRequestInterceptor] - Request: /v1/players/8 | Method: GET | HTTP Status: 200 | IP: 0:0:0:0:0:0:0:1 | userName: N/A
2020-10-18 21:36:05,752 INFO [ch.fronis.data.security.LogRequestInterceptor] - Request: /v1/players | Method: GET | HTTP Status: 200 | IP: 0:0:0:0:0:0:0:1 | userName: N/A
2020-10-18 21:36:21,027 INFO [ch.fronis.data.security.LogRequestInterceptor] - Request: /v1/players/8 | Method: GET | HTTP Status: 200 | IP: 0:0:0:0:0:0:0:1 | userName: N/A
2020-10-18 21:36:27,823 INFO [ch.fronis.data.security.LogRequestInterceptor] - Request: /v1/players/8 | Method: PUT | HTTP Status: 200 | IP: 0:0:0:0:0:0:0:1 | userName: N/A
2020-10-18 21:36:28,079 INFO [ch.fronis.data.security.LogRequestInterceptor] - Request: /v1/players | Method: GET | HTTP Status: 200 | IP: 0:0:0:0:0:0:0:1 | userName: N/A
2020-10-18 21:36:28,183 INFO [ch.fronis.data.security.LogRequestInterceptor] - Request: /v1/players/8 | Method: GET | HTTP Status: 200 | IP: 0:0:0:0:0:0:0:1 | userName: N/A
2020-10-18 21:36:53,315 INFO [ch.fronis.data.security.LogRequestInterceptor] - Request: /v1/players/8 | Method: PUT | HTTP Status: 200 | IP: 0:0:0:0:0:0:0:1 | userName: N/A
2020-10-18 21:36:53,618 INFO [ch.fronis.data.security.LogRequestInterceptor] - Request: /v1/players | Method: GET | HTTP Status: 200 | IP: 0:0:0:0:0:0:0:1 | userName: N/A
2020-10-18 21:37:04,753 INFO [ch.fronis.data.security.LogRequestInterceptor] - Request: /v1/players/8 | Method: GET | HTTP Status: 200 | IP: 0:0:0:0:0:0:0:1 | userName: N/A
2020-10-18 21:37:15,142 INFO [ch.fronis.data.security.LogRequestInterceptor] - Request: /v1/players/8 | Method: PUT | HTTP Status: 200 | IP: 0:0:0:0:0:0:0:1 | userName: N/A
2020-10-18 21:37:15,303 INFO [ch.fronis.data.security.LogRequestInterceptor] - Request: /v1/players | Method: GET | HTTP Status: 200 | IP: 0:0:0:0:0:0:0:1 | userName: N/A
2020-10-18 21:51:14,282 INFO [ch.fronis.data.security.LogRequestInterceptor] - Request: /v1/players | Method: GET | HTTP Status: 200 | IP: 0:0:0:0:0:0:0:1 | userName: N/A
2020-10-18 21:51:14,441 INFO [ch.fronis.data.security.LogRequestInterceptor] - Request: /v1/players | Method: GET | HTTP Status: 200 | IP: 0:0:0:0:0:0:0:1 | userName: N/A
2020-10-18 21:51:14,605 INFO [ch.fronis.data.security.LogRequestInterceptor] - Request: /v1/players | Method: GET | HTTP Status: 200 | IP: 0:0:0:0:0:0:0:1 | userName: N/A
2020-10-18 21:51:14,759 INFO [ch.fronis.data.security.LogRequestInterceptor] - Request: /v1/players | Method: GET | HTTP Status: 200 | IP: 0:0:0:0:0:0:0:1 | userName: N/A
2020-10-18 21:51:14,917 INFO [ch.fronis.data.security.LogRequestInterceptor] - Request: /v1/players | Method: GET | HTTP Status: 200 | IP: 0:0:0:0:0:0:0:1 | userName: N/A
2020-10-18 21:51:15,136 INFO [ch.fronis.data.security.LogRequestInterceptor] - Request: /v1/players | Method: GET | HTTP Status: 200 | IP: 0:0:0:0:0:0:0:1 | userName: N/A
2020-10-18 21:51:15,339 INFO [ch.fronis.data.security.LogRequestInterceptor] - Request: /v1/players | Method: GET | HTTP Status: 200 | IP: 0:0:0:0:0:0:0:1 | userName: N/A
2020-10-18 21:51:15,506 INFO [ch.fronis.data.security.LogRequestInterceptor] - Request: /v1/players | Method: GET | HTTP Status: 200 | IP: 0:0:0:0:0:0:0:1 | userName: N/A
2020-10-18 21:56:34,835 INFO [ch.fronis.data.security.LogRequestInterceptor] - Request: /v1/players | Method: GET | HTTP Status: 200 | IP: 0:0:0:0:0:0:0:1 | userName: N/A
2020-10-18 21:56:34,991 INFO [ch.fronis.data.security.LogRequestInterceptor] - Request: /v1/players | Method: GET | HTTP Status: 200 | IP: 0:0:0:0:0:0:0:1 | userName: N/A
2020-10-18 21:56:35,142 INFO [ch.fronis.data.security.LogRequestInterceptor] - Request: /v1/players | Method: GET | HTTP Status: 200 | IP: 0:0:0:0:0:0:0:1 | userName: N/A
2020-10-18 21:56:35,279 INFO [ch.fronis.data.security.LogRequestInterceptor] - Request: /v1/players | Method: GET | HTTP Status: 200 | IP: 0:0:0:0:0:0:0:1 | userName: N/A
2020-10-18 21:56:35,419 INFO [ch.fronis.data.security.LogRequestInterceptor] - Request: /v1/players | Method: GET | HTTP Status: 200 | IP: 0:0:0:0:0:0:0:1 | userName: N/A
2020-10-18 21:56:35,640 INFO [ch.fronis.data.security.LogRequestInterceptor] - Request: /v1/players | Method: GET | HTTP Status: 200 | IP: 0:0:0:0:0:0:0:1 | userName: N/A
2020-10-18 21:56:35,792 INFO [ch.fronis.data.security.LogRequestInterceptor] - Request: /v1/players | Method: GET | HTTP Status: 200 | IP: 0:0:0:0:0:0:0:1 | userName: N/A
2020-10-18 21:56:35,966 INFO [ch.fronis.data.security.LogRequestInterceptor] - Request: /v1/players | Method: GET | HTTP Status: 200 | IP: 0:0:0:0:0:0:0:1 | userName: N/A
2020-10-18 21:56:38,824 INFO [ch.fronis.data.security.LogRequestInterceptor] - Request: /v1/players/8 | Method: GET | HTTP Status: 200 | IP: 0:0:0:0:0:0:0:1 | userName: N/A
2020-10-18 21:56:49,347 INFO [ch.fronis.data.security.LogRequestInterceptor] - Request: /v1/players/8 | Method: PUT | HTTP Status: 200 | IP: 0:0:0:0:0:0:0:1 | userName: N/A
2020-10-18 21:56:49,532 INFO [ch.fronis.data.security.LogRequestInterceptor] - Request: /v1/players | Method: GET | HTTP Status: 200 | IP: 0:0:0:0:0:0:0:1 | userName: N/A
2020-10-18 21:57:14,683 INFO [org.springframework.orm.jpa.LocalContainerEntityManagerFactoryBean] - Closing JPA EntityManagerFactory for persistence unit 'default'
2020-10-18 21:57:14,684 INFO [com.zaxxer.hikari.HikariDataSource] - HikariPool-2 - Shutdown initiated...
2020-10-18 21:57:14,688 INFO [com.zaxxer.hikari.HikariDataSource] - HikariPool-2 - Shutdown completed.
2020-10-18 21:57:19,507 INFO [ch.fronis.admin.Application] - Starting Application on SK-MPB13-UB with PID 8767 (/Users/sk/git/ffm-backend/ffm-admin/target/classes started by sk in /Users/sk/git/ffm-backend)
2020-10-18 21:57:19,509 DEBUG [ch.fronis.admin.Application] - Running with Spring Boot v2.3.1.RELEASE, Spring v5.2.7.RELEASE
2020-10-18 21:57:19,510 INFO [ch.fronis.admin.Application] - The following profiles are active: prod
2020-10-18 21:57:19,582 INFO [org.springframework.boot.devtools.env.DevToolsPropertyDefaultsPostProcessor] - Devtools property defaults active! Set 'spring.devtools.add-properties' to 'false' to disable
2020-10-18 21:57:19,582 INFO [org.springframework.boot.devtools.env.DevToolsPropertyDefaultsPostProcessor] - For additional web related logging consider setting the 'logging.level.web' property to 'DEBUG'
2020-10-18 21:57:20,456 INFO [org.springframework.data.repository.config.RepositoryConfigurationDelegate] - Bootstrapping Spring Data JPA repositories in DEFAULT mode.
2020-10-18 21:57:20,523 INFO [org.springframework.data.repository.config.RepositoryConfigurationDelegate] - Finished Spring Data repository scanning in 53ms. Found 2 JPA repository interfaces.
2020-10-18 21:57:21,246 INFO [org.springframework.boot.web.embedded.tomcat.TomcatWebServer] - Tomcat initialized with port(s): 8182 (http)
2020-10-18 21:57:21,254 INFO [org.apache.coyote.http11.Http11NioProtocol] - Initializing ProtocolHandler ["http-nio-8182"]
2020-10-18 21:57:21,254 INFO [org.apache.catalina.core.StandardService] - Starting service [Tomcat]
2020-10-18 21:57:21,255 INFO [org.apache.catalina.core.StandardEngine] - Starting Servlet engine: [Apache Tomcat/9.0.36]
2020-10-18 21:57:21,322 INFO [org.apache.catalina.core.ContainerBase.[Tomcat].[localhost].[/]] - Initializing Spring embedded WebApplicationContext
2020-10-18 21:57:21,322 INFO [org.springframework.boot.web.servlet.context.ServletWebServerApplicationContext] - Root WebApplicationContext: initialization completed in 1740 ms
2020-10-18 21:57:21,393 WARN [com.zaxxer.hikari.HikariConfig] - HikariPool-1 - idleTimeout has been set but has no effect because the pool is operating as a fixed size pool.
2020-10-18 21:57:21,396 INFO [com.zaxxer.hikari.HikariDataSource] - HikariPool-1 - Starting...
2020-10-18 21:57:21,875 INFO [com.zaxxer.hikari.HikariDataSource] - HikariPool-1 - Start completed.
2020-10-18 21:57:21,894 INFO [org.flywaydb.core.internal.license.VersionPrinter] - Flyway Community Edition 6.4.4 by Redgate
2020-10-18 21:57:21,929 INFO [org.flywaydb.core.internal.database.DatabaseFactory] - Database: jdbc:mysql://localhost:3316/fronis (MySQL 5.7)
2020-10-18 21:57:22,021 INFO [org.flywaydb.core.internal.command.DbValidate] - Successfully validated 4 migrations (execution time 00:00.037s)
2020-10-18 21:57:22,047 INFO [org.flywaydb.core.internal.command.DbMigrate] - Current version of schema `fronis`: 0.4
2020-10-18 21:57:22,052 INFO [org.flywaydb.core.internal.command.DbMigrate] - Schema `fronis` is up to date. No migration necessary.
2020-10-18 21:57:22,173 INFO [org.hibernate.jpa.internal.util.LogHelper] - HHH000204: Processing PersistenceUnitInfo [name: default]
2020-10-18 21:57:22,221 INFO [org.hibernate.Version] - HHH000412: Hibernate ORM core version 5.4.17.Final
2020-10-18 21:57:22,397 INFO [org.hibernate.annotations.common.Version] - HCANN000001: Hibernate Commons Annotations {5.1.0.Final}
2020-10-18 21:57:22,538 INFO [org.hibernate.dialect.Dialect] - HHH000400: Using dialect: org.hibernate.dialect.MySQL57Dialect
2020-10-18 21:57:22,834 WARN [org.hibernate.type.descriptor.java.JavaTypeDescriptorRegistry] - HHH000481: Encountered Java type [class ch.fronis.model.image.Image] for which we could not locate a JavaTypeDescriptor and which does not appear to implement equals and/or hashCode.  This can lead to significant performance problems when performing equality/dirty checking involving this Java type.  Consider registering a custom JavaTypeDescriptor or at least implementing equals/hashCode.
2020-10-18 21:57:22,841 WARN [org.hibernate.type.descriptor.java.JavaTypeDescriptorRegistry] - HHH000481: Encountered Java type [class ch.fronis.model.image.Image] for which we could not locate a JavaTypeDescriptor and which does not appear to implement equals and/or hashCode.  This can lead to significant performance problems when performing equality/dirty checking involving this Java type.  Consider registering a custom JavaTypeDescriptor or at least implementing equals/hashCode.
2020-10-18 21:57:23,295 INFO [org.hibernate.engine.transaction.jta.platform.internal.JtaPlatformInitiator] - HHH000490: Using JtaPlatform implementation: [org.hibernate.engine.transaction.jta.platform.internal.NoJtaPlatform]
2020-10-18 21:57:23,303 INFO [org.springframework.orm.jpa.LocalContainerEntityManagerFactoryBean] - Initialized JPA EntityManagerFactory for persistence unit 'default'
2020-10-18 21:57:23,331 WARN [org.springframework.boot.autoconfigure.orm.jpa.JpaBaseConfiguration$JpaWebConfiguration] - spring.jpa.open-in-view is enabled by default. Therefore, database queries may be performed during view rendering. Explicitly configure spring.jpa.open-in-view to disable this warning
2020-10-18 21:57:23,375 INFO [ch.fronis.admin.config.AdminSecurityConfig] - registered login for admin user kistlerseverin
2020-10-18 21:57:23,392 INFO [ch.fronis.admin.config.AdminSecurityConfig] - registered login for admin user fronis
2020-10-18 21:57:23,755 DEBUG [ch.fronis.admin.config.AdminSecurityConfig] - running configure
2020-10-18 21:57:23,819 INFO [org.springframework.security.web.DefaultSecurityFilterChain] - Creating filter chain: any request, [org.springframework.security.web.context.request.async.WebAsyncManagerIntegrationFilter@224ec28e, org.springframework.security.web.context.SecurityContextPersistenceFilter@26ee36b7, org.springframework.security.web.header.HeaderWriterFilter@791c2100, org.springframework.web.filter.CorsFilter@5ac918b2, org.springframework.security.web.authentication.logout.LogoutFilter@465557ec, org.springframework.security.web.authentication.UsernamePasswordAuthenticationFilter@71c627bd, org.springframework.security.web.savedrequest.RequestCacheAwareFilter@444838d, org.springframework.security.web.servletapi.SecurityContextHolderAwareRequestFilter@66765014, org.springframework.security.web.authentication.AnonymousAuthenticationFilter@46fbf916, org.springframework.security.web.session.SessionManagementFilter@460225b3, org.springframework.security.web.access.ExceptionTranslationFilter@49fcc051, org.springframework.security.web.access.intercept.FilterSecurityInterceptor@a966311]
2020-10-18 21:57:24,099 INFO [org.springframework.boot.devtools.autoconfigure.OptionalLiveReloadServer] - LiveReload server is running on port 35731
2020-10-18 21:57:24,116 INFO [org.apache.coyote.http11.Http11NioProtocol] - Starting ProtocolHandler ["http-nio-8182"]
2020-10-18 21:57:24,133 INFO [org.springframework.boot.web.embedded.tomcat.TomcatWebServer] - Tomcat started on port(s): 8182 (http) with context path ''
2020-10-18 21:57:24,148 INFO [ch.fronis.admin.Application] - Started Application in 4.989 seconds (JVM running for 5.91)
2020-10-18 21:57:33,306 INFO [org.apache.catalina.core.ContainerBase.[Tomcat].[localhost].[/]] - Initializing Spring DispatcherServlet 'dispatcherServlet'
2020-10-18 21:57:33,307 INFO [org.springframework.web.servlet.DispatcherServlet] - Initializing Servlet 'dispatcherServlet'
2020-10-18 21:57:33,314 INFO [org.springframework.web.servlet.DispatcherServlet] - Completed initialization in 7 ms
2020-10-18 21:57:33,649 INFO [ch.fronis.data.security.LogRequestInterceptor] - Request: /v1/players | Method: GET | HTTP Status: 200 | IP: 0:0:0:0:0:0:0:1 | userName: N/A
2020-10-18 21:57:35,282 INFO [ch.fronis.data.security.LogRequestInterceptor] - Request: /v1/players/8 | Method: GET | HTTP Status: 200 | IP: 0:0:0:0:0:0:0:1 | userName: N/A
2020-10-18 21:57:44,508 INFO [ch.fronis.data.security.LogRequestInterceptor] - Request: /v1/players | Method: GET | HTTP Status: 200 | IP: 0:0:0:0:0:0:0:1 | userName: N/A
2020-10-18 21:57:46,553 INFO [ch.fronis.data.security.LogRequestInterceptor] - Request: /v1/players/8 | Method: GET | HTTP Status: 200 | IP: 0:0:0:0:0:0:0:1 | userName: N/A
2020-10-18 21:57:56,026 INFO [ch.fronis.data.security.LogRequestInterceptor] - Request: /v1/players/8 | Method: PUT | HTTP Status: 200 | IP: 0:0:0:0:0:0:0:1 | userName: N/A
2020-10-18 21:57:56,206 INFO [ch.fronis.data.security.LogRequestInterceptor] - Request: /v1/players | Method: GET | HTTP Status: 200 | IP: 0:0:0:0:0:0:0:1 | userName: N/A
2020-10-18 21:57:56,292 INFO [ch.fronis.data.security.LogRequestInterceptor] - Request: /v1/players | Method: GET | HTTP Status: 200 | IP: 0:0:0:0:0:0:0:1 | userName: N/A
2020-10-18 22:31:05,924 INFO [org.springframework.orm.jpa.LocalContainerEntityManagerFactoryBean] - Closing JPA EntityManagerFactory for persistence unit 'default'
2020-10-18 22:31:05,927 INFO [com.zaxxer.hikari.HikariDataSource] - HikariPool-1 - Shutdown initiated...
2020-10-18 22:31:05,931 INFO [com.zaxxer.hikari.HikariDataSource] - HikariPool-1 - Shutdown completed.
2020-10-18 22:31:09,247 INFO [ch.fronis.admin.Application] - Starting Application on SK-MPB13-UB with PID 9160 (/Users/sk/git/ffm-backend/ffm-admin/target/classes started by sk in /Users/sk/git/ffm-backend)
2020-10-18 22:31:09,251 DEBUG [ch.fronis.admin.Application] - Running with Spring Boot v2.3.1.RELEASE, Spring v5.2.7.RELEASE
2020-10-18 22:31:09,251 INFO [ch.fronis.admin.Application] - The following profiles are active: prod
2020-10-18 22:31:09,355 INFO [org.springframework.boot.devtools.env.DevToolsPropertyDefaultsPostProcessor] - Devtools property defaults active! Set 'spring.devtools.add-properties' to 'false' to disable
2020-10-18 22:31:09,355 INFO [org.springframework.boot.devtools.env.DevToolsPropertyDefaultsPostProcessor] - For additional web related logging consider setting the 'logging.level.web' property to 'DEBUG'
2020-10-18 22:31:10,378 INFO [org.springframework.data.repository.config.RepositoryConfigurationDelegate] - Bootstrapping Spring Data JPA repositories in DEFAULT mode.
2020-10-18 22:31:10,415 INFO [org.springframework.data.repository.config.RepositoryConfigurationDelegate] - Finished Spring Data repository scanning in 31ms. Found 2 JPA repository interfaces.
2020-10-18 22:31:10,893 INFO [org.springframework.boot.web.embedded.tomcat.TomcatWebServer] - Tomcat initialized with port(s): 8182 (http)
2020-10-18 22:31:10,898 INFO [org.apache.coyote.http11.Http11NioProtocol] - Initializing ProtocolHandler ["http-nio-8182"]
2020-10-18 22:31:10,898 INFO [org.apache.catalina.core.StandardService] - Starting service [Tomcat]
2020-10-18 22:31:10,899 INFO [org.apache.catalina.core.StandardEngine] - Starting Servlet engine: [Apache Tomcat/9.0.36]
2020-10-18 22:31:10,946 INFO [org.apache.catalina.core.ContainerBase.[Tomcat].[localhost].[/]] - Initializing Spring embedded WebApplicationContext
2020-10-18 22:31:10,946 INFO [org.springframework.boot.web.servlet.context.ServletWebServerApplicationContext] - Root WebApplicationContext: initialization completed in 1591 ms
2020-10-18 22:31:10,983 WARN [com.zaxxer.hikari.HikariConfig] - HikariPool-1 - idleTimeout has been set but has no effect because the pool is operating as a fixed size pool.
2020-10-18 22:31:10,984 INFO [com.zaxxer.hikari.HikariDataSource] - HikariPool-1 - Starting...
2020-10-18 22:31:11,268 INFO [com.zaxxer.hikari.HikariDataSource] - HikariPool-1 - Start completed.
2020-10-18 22:31:11,283 INFO [org.flywaydb.core.internal.license.VersionPrinter] - Flyway Community Edition 6.4.4 by Redgate
2020-10-18 22:31:11,306 INFO [org.flywaydb.core.internal.database.DatabaseFactory] - Database: jdbc:mysql://localhost:3316/fronis (MySQL 5.7)
2020-10-18 22:31:11,372 INFO [org.flywaydb.core.internal.command.DbValidate] - Successfully validated 5 migrations (execution time 00:00.024s)
2020-10-18 22:31:11,388 INFO [org.flywaydb.core.internal.command.DbMigrate] - Current version of schema `fronis`: 0.4.1
2020-10-18 22:31:11,391 INFO [org.flywaydb.core.internal.command.DbMigrate] - Schema `fronis` is up to date. No migration necessary.
2020-10-18 22:31:11,456 INFO [org.hibernate.jpa.internal.util.LogHelper] - HHH000204: Processing PersistenceUnitInfo [name: default]
2020-10-18 22:31:11,499 INFO [org.hibernate.Version] - HHH000412: Hibernate ORM core version 5.4.17.Final
2020-10-18 22:31:11,590 INFO [org.hibernate.annotations.common.Version] - HCANN000001: Hibernate Commons Annotations {5.1.0.Final}
2020-10-18 22:31:11,665 INFO [org.hibernate.dialect.Dialect] - HHH000400: Using dialect: org.hibernate.dialect.MySQL57Dialect
2020-10-18 22:31:12,066 INFO [org.hibernate.engine.transaction.jta.platform.internal.JtaPlatformInitiator] - HHH000490: Using JtaPlatform implementation: [org.hibernate.engine.transaction.jta.platform.internal.NoJtaPlatform]
2020-10-18 22:31:12,071 INFO [org.springframework.orm.jpa.LocalContainerEntityManagerFactoryBean] - Initialized JPA EntityManagerFactory for persistence unit 'default'
2020-10-18 22:31:12,091 WARN [org.springframework.boot.autoconfigure.orm.jpa.JpaBaseConfiguration$JpaWebConfiguration] - spring.jpa.open-in-view is enabled by default. Therefore, database queries may be performed during view rendering. Explicitly configure spring.jpa.open-in-view to disable this warning
2020-10-18 22:31:12,121 INFO [ch.fronis.admin.config.AdminSecurityConfig] - registered login for admin user kistlerseverin
2020-10-18 22:31:12,129 INFO [ch.fronis.admin.config.AdminSecurityConfig] - registered login for admin user fronis
2020-10-18 22:31:12,352 DEBUG [ch.fronis.admin.config.AdminSecurityConfig] - running configure
2020-10-18 22:31:12,390 INFO [org.springframework.security.web.DefaultSecurityFilterChain] - Creating filter chain: any request, [org.springframework.security.web.context.request.async.WebAsyncManagerIntegrationFilter@5bae3c9d, org.springframework.security.web.context.SecurityContextPersistenceFilter@358140f9, org.springframework.security.web.header.HeaderWriterFilter@646e962a, org.springframework.web.filter.CorsFilter@4d57066e, org.springframework.security.web.authentication.logout.LogoutFilter@ad2e339, org.springframework.security.web.authentication.UsernamePasswordAuthenticationFilter@440a2573, org.springframework.security.web.savedrequest.RequestCacheAwareFilter@53b6df9f, org.springframework.security.web.servletapi.SecurityContextHolderAwareRequestFilter@368f8ff5, org.springframework.security.web.authentication.AnonymousAuthenticationFilter@41d236b5, org.springframework.security.web.session.SessionManagementFilter@53292857, org.springframework.security.web.access.ExceptionTranslationFilter@5f3b9495, org.springframework.security.web.access.intercept.FilterSecurityInterceptor@5f8e5e76]
2020-10-18 22:31:12,595 INFO [org.springframework.boot.devtools.autoconfigure.OptionalLiveReloadServer] - LiveReload server is running on port 35731
2020-10-18 22:31:12,608 INFO [org.apache.coyote.http11.Http11NioProtocol] - Starting ProtocolHandler ["http-nio-8182"]
2020-10-18 22:31:12,620 INFO [org.springframework.boot.web.embedded.tomcat.TomcatWebServer] - Tomcat started on port(s): 8182 (http) with context path ''
2020-10-18 22:31:12,631 INFO [ch.fronis.admin.Application] - Started Application in 3.751 seconds (JVM running for 4.575)
2020-10-18 22:43:35,604 INFO [org.apache.catalina.core.ContainerBase.[Tomcat].[localhost].[/]] - Initializing Spring DispatcherServlet 'dispatcherServlet'
2020-10-18 22:43:35,605 INFO [org.springframework.web.servlet.DispatcherServlet] - Initializing Servlet 'dispatcherServlet'
2020-10-18 22:43:35,609 INFO [org.springframework.web.servlet.DispatcherServlet] - Completed initialization in 4 ms
2020-10-18 22:43:35,697 INFO [ch.fronis.data.security.LogRequestInterceptor] - Request: /error | Method: GET | HTTP Status: 403 | IP: 0:0:0:0:0:0:0:1 | userName: N/A
2020-10-18 22:43:35,747 INFO [ch.fronis.data.security.LogRequestInterceptor] - Request: /error | Method: GET | HTTP Status: 403 | IP: 0:0:0:0:0:0:0:1 | userName: N/A
2020-10-18 22:43:35,889 INFO [ch.fronis.data.security.LogRequestInterceptor] - Request: /error | Method: GET | HTTP Status: 403 | IP: 0:0:0:0:0:0:0:1 | userName: N/A
2020-10-18 22:43:39,290 INFO [org.springframework.orm.jpa.LocalContainerEntityManagerFactoryBean] - Closing JPA EntityManagerFactory for persistence unit 'default'
2020-10-18 22:43:39,292 INFO [com.zaxxer.hikari.HikariDataSource] - HikariPool-1 - Shutdown initiated...
2020-10-18 22:43:39,310 INFO [com.zaxxer.hikari.HikariDataSource] - HikariPool-1 - Shutdown completed.
2020-11-13 22:36:34,654 INFO [ch.fronis.admin.Application] - Starting Application on SK-MPB13-UB with PID 2295 (/Users/sk/git/ffm-backend/ffm-admin/target/classes started by sk in /Users/sk/git/ffm-backend)
2020-11-13 22:36:34,660 DEBUG [ch.fronis.admin.Application] - Running with Spring Boot v2.3.1.RELEASE, Spring v5.2.7.RELEASE
2020-11-13 22:36:34,660 INFO [ch.fronis.admin.Application] - The following profiles are active: prod
2020-11-13 22:36:34,808 INFO [org.springframework.boot.devtools.env.DevToolsPropertyDefaultsPostProcessor] - Devtools property defaults active! Set 'spring.devtools.add-properties' to 'false' to disable
2020-11-13 22:36:34,809 INFO [org.springframework.boot.devtools.env.DevToolsPropertyDefaultsPostProcessor] - For additional web related logging consider setting the 'logging.level.web' property to 'DEBUG'
2020-11-13 22:36:35,882 INFO [org.springframework.data.repository.config.RepositoryConfigurationDelegate] - Bootstrapping Spring Data JPA repositories in DEFAULT mode.
2020-11-13 22:36:36,004 INFO [org.springframework.data.repository.config.RepositoryConfigurationDelegate] - Finished Spring Data repository scanning in 108ms. Found 2 JPA repository interfaces.
2020-11-13 22:36:36,889 INFO [org.springframework.boot.web.embedded.tomcat.TomcatWebServer] - Tomcat initialized with port(s): 8182 (http)
2020-11-13 22:36:36,897 INFO [org.apache.coyote.http11.Http11NioProtocol] - Initializing ProtocolHandler ["http-nio-8182"]
2020-11-13 22:36:36,898 INFO [org.apache.catalina.core.StandardService] - Starting service [Tomcat]
2020-11-13 22:36:36,898 INFO [org.apache.catalina.core.StandardEngine] - Starting Servlet engine: [Apache Tomcat/9.0.36]
2020-11-13 22:36:36,986 INFO [org.apache.catalina.core.ContainerBase.[Tomcat].[localhost].[/]] - Initializing Spring embedded WebApplicationContext
2020-11-13 22:36:36,986 INFO [org.springframework.boot.web.servlet.context.ServletWebServerApplicationContext] - Root WebApplicationContext: initialization completed in 2176 ms
2020-11-13 22:36:37,043 WARN [com.zaxxer.hikari.HikariConfig] - HikariPool-1 - idleTimeout has been set but has no effect because the pool is operating as a fixed size pool.
2020-11-13 22:36:37,046 INFO [com.zaxxer.hikari.HikariDataSource] - HikariPool-1 - Starting...
2020-11-13 22:36:37,720 INFO [com.zaxxer.hikari.HikariDataSource] - HikariPool-1 - Start completed.
2020-11-13 22:36:37,742 INFO [org.flywaydb.core.internal.license.VersionPrinter] - Flyway Community Edition 6.4.4 by Redgate
2020-11-13 22:36:37,782 INFO [org.flywaydb.core.internal.database.DatabaseFactory] - Database: jdbc:mysql://localhost:3316/fronis (MySQL 5.7)
2020-11-13 22:36:37,937 INFO [org.flywaydb.core.internal.command.DbValidate] - Successfully validated 4 migrations (execution time 00:00.084s)
2020-11-13 22:36:37,972 INFO [org.flywaydb.core.internal.command.DbMigrate] - Current version of schema `fronis`: 0.4
2020-11-13 22:36:37,976 INFO [org.flywaydb.core.internal.command.DbMigrate] - Schema `fronis` is up to date. No migration necessary.
2020-11-13 22:36:38,124 INFO [org.hibernate.jpa.internal.util.LogHelper] - HHH000204: Processing PersistenceUnitInfo [name: default]
2020-11-13 22:36:38,192 INFO [org.hibernate.Version] - HHH000412: Hibernate ORM core version 5.4.17.Final
2020-11-13 22:36:38,393 INFO [org.hibernate.annotations.common.Version] - HCANN000001: Hibernate Commons Annotations {5.1.0.Final}
2020-11-13 22:36:38,592 INFO [org.hibernate.dialect.Dialect] - HHH000400: Using dialect: org.hibernate.dialect.MySQL57Dialect
2020-11-13 22:36:39,803 INFO [org.hibernate.engine.transaction.jta.platform.internal.JtaPlatformInitiator] - HHH000490: Using JtaPlatform implementation: [org.hibernate.engine.transaction.jta.platform.internal.NoJtaPlatform]
2020-11-13 22:36:39,827 INFO [org.springframework.orm.jpa.LocalContainerEntityManagerFactoryBean] - Initialized JPA EntityManagerFactory for persistence unit 'default'
2020-11-13 22:36:39,897 WARN [org.springframework.boot.autoconfigure.orm.jpa.JpaBaseConfiguration$JpaWebConfiguration] - spring.jpa.open-in-view is enabled by default. Therefore, database queries may be performed during view rendering. Explicitly configure spring.jpa.open-in-view to disable this warning
2020-11-13 22:36:40,017 INFO [ch.fronis.admin.config.AdminSecurityConfig] - registered login for admin user kistlerseverin
2020-11-13 22:36:40,039 INFO [ch.fronis.admin.config.AdminSecurityConfig] - registered login for admin user fronis
2020-11-13 22:36:41,006 DEBUG [ch.fronis.admin.config.AdminSecurityConfig] - running configure
2020-11-13 22:36:41,142 INFO [org.springframework.security.web.DefaultSecurityFilterChain] - Creating filter chain: any request, [org.springframework.security.web.context.request.async.WebAsyncManagerIntegrationFilter@4200dcbe, org.springframework.security.web.context.SecurityContextPersistenceFilter@7b8e99d7, org.springframework.security.web.header.HeaderWriterFilter@4fff0cd7, org.springframework.web.filter.CorsFilter@2ef382da, org.springframework.security.web.authentication.logout.LogoutFilter@2eabfd4e, org.springframework.security.web.authentication.UsernamePasswordAuthenticationFilter@45557363, org.springframework.security.web.savedrequest.RequestCacheAwareFilter@2b6b49ba, org.springframework.security.web.servletapi.SecurityContextHolderAwareRequestFilter@64e87837, org.springframework.security.web.authentication.AnonymousAuthenticationFilter@80ac886, org.springframework.security.web.session.SessionManagementFilter@706a2489, org.springframework.security.web.access.ExceptionTranslationFilter@f1731ae, org.springframework.security.web.access.intercept.FilterSecurityInterceptor@177c27e0]
2020-11-13 22:36:41,890 INFO [org.springframework.boot.devtools.autoconfigure.OptionalLiveReloadServer] - LiveReload server is running on port 35731
2020-11-13 22:36:41,922 INFO [org.apache.coyote.http11.Http11NioProtocol] - Starting ProtocolHandler ["http-nio-8182"]
2020-11-13 22:36:41,945 INFO [org.springframework.boot.web.embedded.tomcat.TomcatWebServer] - Tomcat started on port(s): 8182 (http) with context path ''
2020-11-13 22:36:41,972 INFO [ch.fronis.admin.Application] - Started Application in 8.135 seconds (JVM running for 9.347)
2020-11-13 22:36:42,511 INFO [org.apache.catalina.core.ContainerBase.[Tomcat].[localhost].[/]] - Initializing Spring DispatcherServlet 'dispatcherServlet'
2020-11-13 22:36:42,512 INFO [org.springframework.web.servlet.DispatcherServlet] - Initializing Servlet 'dispatcherServlet'
2020-11-13 22:36:42,525 INFO [org.springframework.web.servlet.DispatcherServlet] - Completed initialization in 13 ms
2020-11-13 22:48:27,530 INFO [ch.fronis.data.security.LogRequestInterceptor] - Request: /v1/players | Method: GET | HTTP Status: 200 | IP: 0:0:0:0:0:0:0:1 | userName: N/A
2020-11-13 22:48:28,946 INFO [ch.fronis.data.security.LogRequestInterceptor] - Request: /v1/sponsors | Method: GET | HTTP Status: 200 | IP: 0:0:0:0:0:0:0:1 | userName: N/A
2020-11-13 22:58:32,958 INFO [org.springframework.orm.jpa.LocalContainerEntityManagerFactoryBean] - Closing JPA EntityManagerFactory for persistence unit 'default'
2020-11-13 22:58:32,962 INFO [com.zaxxer.hikari.HikariDataSource] - HikariPool-1 - Shutdown initiated...
2020-11-13 22:58:32,987 INFO [com.zaxxer.hikari.HikariDataSource] - HikariPool-1 - Shutdown completed.
